[1] "--> Library Paths"
[1] "/home/docker/packages"         "/usr/local/lib/R/site-library"
[3] "/usr/lib/R/site-library"       "/usr/lib/R/library"           
[1] "--> Installing packages"
[1] "rJava"
Installing package into ‘/home/docker/packages’
(as ‘lib’ is unspecified)
trying URL 'http://cran.csiro.au/src/contrib/rJava_0.9-7.tar.gz'
Content type 'application/x-gzip' length 711181 bytes (694 KB)
==================================================
downloaded 694 KB

[1] "--> Library Paths"
[1] "/home/docker/packages"         "/usr/local/lib/R/site-library"
[3] "/usr/lib/R/site-library"       "/usr/lib/R/library"           
* installing *source* package ‘rJava’ ...
** package ‘rJava’ successfully unpacked and MD5 sums checked
checking for gcc... gcc -std=gnu99
checking whether the C compiler works... yes
checking for C compiler default output file name... a.out
checking for suffix of executables... 
checking whether we are cross compiling... no
checking for suffix of object files... o
checking whether we are using the GNU C compiler... yes
checking whether gcc -std=gnu99 accepts -g... yes
checking for gcc -std=gnu99 option to accept ISO C89... none needed
checking how to run the C preprocessor... gcc -std=gnu99 -E
checking for grep that handles long lines and -e... /bin/grep
checking for egrep... /bin/grep -E
checking for ANSI C header files... yes
checking for sys/wait.h that is POSIX.1 compatible... yes
checking for sys/types.h... yes
checking for sys/stat.h... yes
checking for stdlib.h... yes
checking for string.h... yes
checking for memory.h... yes
checking for strings.h... yes
checking for inttypes.h... yes
checking for stdint.h... yes
checking for unistd.h... yes
checking for string.h... (cached) yes
checking sys/time.h usability... yes
checking sys/time.h presence... yes
checking for sys/time.h... yes
checking for unistd.h... (cached) yes
checking for an ANSI C-conforming const... yes
checking whether time.h and sys/time.h may both be included... yes
configure: checking whether gcc -std=gnu99 supports static inline...
yes
checking whether setjmp.h is POSIX.1 compatible... yes
checking whether sigsetjmp is declared... yes
checking whether siglongjmp is declared... yes
checking Java support in R... present:
interpreter : '/usr/lib/jvm/default-java/jre/bin/java'
archiver    : '/usr/lib/jvm/default-java/bin/jar'
compiler    : '/usr/lib/jvm/default-java/bin/javac'
header prep.: '/usr/lib/jvm/default-java/bin/javah'
cpp flags   : '-I/usr/lib/jvm/default-java/include'
java libs   : '-L/usr/lib/jvm/default-java/jre/lib/amd64/server -ljvm'
checking whether Java run-time works... ./configure: line 3729: /usr/lib/jvm/default-java/jre/bin/java: No such file or directory
no
configure: error: Java interpreter '/usr/lib/jvm/default-java/jre/bin/java' does not work
ERROR: configuration failed for package ‘rJava’
* removing ‘/home/docker/packages/rJava’

The downloaded source packages are in
	‘/tmp/RtmpmuX2Rb/downloaded_packages’
[1] "xlsxjars"
Installing package into ‘/home/docker/packages’
(as ‘lib’ is unspecified)
also installing the dependency ‘rJava’

trying URL 'http://cran.csiro.au/src/contrib/rJava_0.9-7.tar.gz'
Content type 'application/x-gzip' length 711181 bytes (694 KB)
==================================================
downloaded 694 KB

trying URL 'http://cran.csiro.au/src/contrib/xlsxjars_0.6.1.tar.gz'
Content type 'application/x-gzip' length 9477071 bytes (9.0 MB)
==================================================
downloaded 9.0 MB

[1] "--> Library Paths"
[1] "/home/docker/packages"         "/usr/local/lib/R/site-library"
[3] "/usr/lib/R/site-library"       "/usr/lib/R/library"           
* installing *source* package ‘rJava’ ...
** package ‘rJava’ successfully unpacked and MD5 sums checked
checking for gcc... gcc -std=gnu99
checking whether the C compiler works... yes
checking for C compiler default output file name... a.out
checking for suffix of executables... 
checking whether we are cross compiling... no
checking for suffix of object files... o
checking whether we are using the GNU C compiler... yes
checking whether gcc -std=gnu99 accepts -g... yes
checking for gcc -std=gnu99 option to accept ISO C89... none needed
checking how to run the C preprocessor... gcc -std=gnu99 -E
checking for grep that handles long lines and -e... /bin/grep
checking for egrep... /bin/grep -E
checking for ANSI C header files... yes
checking for sys/wait.h that is POSIX.1 compatible... yes
checking for sys/types.h... yes
checking for sys/stat.h... yes
checking for stdlib.h... yes
checking for string.h... yes
checking for memory.h... yes
checking for strings.h... yes
checking for inttypes.h... yes
checking for stdint.h... yes
checking for unistd.h... yes
checking for string.h... (cached) yes
checking sys/time.h usability... yes
checking sys/time.h presence... yes
checking for sys/time.h... yes
checking for unistd.h... (cached) yes
checking for an ANSI C-conforming const... yes
checking whether time.h and sys/time.h may both be included... yes
configure: checking whether gcc -std=gnu99 supports static inline...
yes
checking whether setjmp.h is POSIX.1 compatible... yes
checking whether sigsetjmp is declared... yes
checking whether siglongjmp is declared... yes
checking Java support in R... present:
interpreter : '/usr/lib/jvm/default-java/jre/bin/java'
archiver    : '/usr/lib/jvm/default-java/bin/jar'
compiler    : '/usr/lib/jvm/default-java/bin/javac'
header prep.: '/usr/lib/jvm/default-java/bin/javah'
cpp flags   : '-I/usr/lib/jvm/default-java/include'
java libs   : '-L/usr/lib/jvm/default-java/jre/lib/amd64/server -ljvm'
checking whether Java run-time works... ./configure: line 3729: /usr/lib/jvm/default-java/jre/bin/java: No such file or directory
no
configure: error: Java interpreter '/usr/lib/jvm/default-java/jre/bin/java' does not work
ERROR: configuration failed for package ‘rJava’
* removing ‘/home/docker/packages/rJava’
[1] "--> Library Paths"
[1] "/home/docker/packages"         "/usr/local/lib/R/site-library"
[3] "/usr/lib/R/site-library"       "/usr/lib/R/library"           
ERROR: dependency ‘rJava’ is not available for package ‘xlsxjars’
* removing ‘/home/docker/packages/xlsxjars’

The downloaded source packages are in
	‘/tmp/RtmpmuX2Rb/downloaded_packages’
[1] "rgl"
Installing package into ‘/home/docker/packages’
(as ‘lib’ is unspecified)
trying URL 'http://cran.csiro.au/src/contrib/rgl_0.95.1429.tar.gz'
Content type 'application/x-gzip' length 2046203 bytes (2.0 MB)
==================================================
downloaded 2.0 MB

[1] "--> Library Paths"
[1] "/home/docker/packages"         "/usr/local/lib/R/site-library"
[3] "/usr/lib/R/site-library"       "/usr/lib/R/library"           
* installing *source* package ‘rgl’ ...
** package ‘rgl’ successfully unpacked and MD5 sums checked
checking for gcc... gcc -std=gnu99
checking whether the C compiler works... yes
checking for C compiler default output file name... a.out
checking for suffix of executables... 
checking whether we are cross compiling... no
checking for suffix of object files... o
checking whether we are using the GNU C compiler... yes
checking whether gcc -std=gnu99 accepts -g... yes
checking for gcc -std=gnu99 option to accept ISO C89... none needed
checking how to run the C preprocessor... gcc -std=gnu99 -E
checking for gcc... (cached) gcc -std=gnu99
checking whether we are using the GNU C compiler... (cached) yes
checking whether gcc -std=gnu99 accepts -g... (cached) yes
checking for gcc -std=gnu99 option to accept ISO C89... (cached) none needed
checking whether __attribute__((visibility())) is supported... yes
checking whether gcc -std=gnu99 accepts -fvisibility... yes
checking whether  accepts -fvisibility... no
checking for libpng-config... yes
configure: using libpng-config
configure: using libpng dynamic linkage
checking for X... no
configure: error: X11 not found but required, configure aborted.
ERROR: configuration failed for package ‘rgl’
* removing ‘/home/docker/packages/rgl’

The downloaded source packages are in
	‘/tmp/RtmpmuX2Rb/downloaded_packages’
[1] "xlsx"
Installing package into ‘/home/docker/packages’
(as ‘lib’ is unspecified)
also installing the dependencies ‘rJava’, ‘xlsxjars’

trying URL 'http://cran.csiro.au/src/contrib/rJava_0.9-7.tar.gz'
Content type 'application/x-gzip' length 711181 bytes (694 KB)
==================================================
downloaded 694 KB

trying URL 'http://cran.csiro.au/src/contrib/xlsxjars_0.6.1.tar.gz'
Content type 'application/x-gzip' length 9477071 bytes (9.0 MB)
==================================================
downloaded 9.0 MB

trying URL 'http://cran.csiro.au/src/contrib/xlsx_0.5.7.tar.gz'
Content type 'application/x-gzip' length 312839 bytes (305 KB)
==================================================
downloaded 305 KB

[1] "--> Library Paths"
[1] "/home/docker/packages"         "/usr/local/lib/R/site-library"
[3] "/usr/lib/R/site-library"       "/usr/lib/R/library"           
* installing *source* package ‘rJava’ ...
** package ‘rJava’ successfully unpacked and MD5 sums checked
checking for gcc... gcc -std=gnu99
checking whether the C compiler works... yes
checking for C compiler default output file name... a.out
checking for suffix of executables... 
checking whether we are cross compiling... no
checking for suffix of object files... o
checking whether we are using the GNU C compiler... yes
checking whether gcc -std=gnu99 accepts -g... yes
checking for gcc -std=gnu99 option to accept ISO C89... none needed
checking how to run the C preprocessor... gcc -std=gnu99 -E
checking for grep that handles long lines and -e... /bin/grep
checking for egrep... /bin/grep -E
checking for ANSI C header files... yes
checking for sys/wait.h that is POSIX.1 compatible... yes
checking for sys/types.h... yes
checking for sys/stat.h... yes
checking for stdlib.h... yes
checking for string.h... yes
checking for memory.h... yes
checking for strings.h... yes
checking for inttypes.h... yes
checking for stdint.h... yes
checking for unistd.h... yes
checking for string.h... (cached) yes
checking sys/time.h usability... yes
checking sys/time.h presence... yes
checking for sys/time.h... yes
checking for unistd.h... (cached) yes
checking for an ANSI C-conforming const... yes
checking whether time.h and sys/time.h may both be included... yes
configure: checking whether gcc -std=gnu99 supports static inline...
yes
checking whether setjmp.h is POSIX.1 compatible... yes
checking whether sigsetjmp is declared... yes
checking whether siglongjmp is declared... yes
checking Java support in R... present:
interpreter : '/usr/lib/jvm/default-java/jre/bin/java'
archiver    : '/usr/lib/jvm/default-java/bin/jar'
compiler    : '/usr/lib/jvm/default-java/bin/javac'
header prep.: '/usr/lib/jvm/default-java/bin/javah'
cpp flags   : '-I/usr/lib/jvm/default-java/include'
java libs   : '-L/usr/lib/jvm/default-java/jre/lib/amd64/server -ljvm'
checking whether Java run-time works... ./configure: line 3729: /usr/lib/jvm/default-java/jre/bin/java: No such file or directory
no
configure: error: Java interpreter '/usr/lib/jvm/default-java/jre/bin/java' does not work
ERROR: configuration failed for package ‘rJava’
* removing ‘/home/docker/packages/rJava’
[1] "--> Library Paths"
[1] "/home/docker/packages"         "/usr/local/lib/R/site-library"
[3] "/usr/lib/R/site-library"       "/usr/lib/R/library"           
ERROR: dependency ‘rJava’ is not available for package ‘xlsxjars’
* removing ‘/home/docker/packages/xlsxjars’
[1] "--> Library Paths"
[1] "/home/docker/packages"         "/usr/local/lib/R/site-library"
[3] "/usr/lib/R/site-library"       "/usr/lib/R/library"           
ERROR: dependencies ‘rJava’, ‘xlsxjars’ are not available for package ‘xlsx’
* removing ‘/home/docker/packages/xlsx’

The downloaded source packages are in
	‘/tmp/RtmpmuX2Rb/downloaded_packages’
[1] "curl"
Installing package into ‘/home/docker/packages’
(as ‘lib’ is unspecified)
trying URL 'http://cran.csiro.au/src/contrib/curl_0.9.4.tar.gz'
Content type 'application/x-gzip' length 245598 bytes (239 KB)
==================================================
downloaded 239 KB

[1] "--> Library Paths"
[1] "/home/docker/packages"         "/usr/local/lib/R/site-library"
[3] "/usr/lib/R/site-library"       "/usr/lib/R/library"           
* installing *source* package ‘curl’ ...
** package ‘curl’ successfully unpacked and MD5 sums checked
Using PKG_CFLAGS=
Using PKG_LIBS=-lcurl
------------------------- ANTICONF ERROR ---------------------------
Configuration failed because libcurl was not found. Try installing:
 * deb: libcurl4-openssl-dev (Debian, Ubuntu, etc)
 * rpm: libcurl-devel (Fedora, CentOS, RHEL)
 * csw: libcurl_dev (Solaris)
If libcurl is already installed, check that 'pkg-config' is in your
PATH and PKG_CONFIG_PATH contains a libcurl.pc file. If pkg-config
is unavailable you can set INCLUDE_DIR and LIB_DIR manually via:
R CMD INSTALL --configure-vars='INCLUDE_DIR=... LIB_DIR=...'
--------------------------------------------------------------------
ERROR: configuration failed for package ‘curl’
* removing ‘/home/docker/packages/curl’

The downloaded source packages are in
	‘/tmp/RtmpmuX2Rb/downloaded_packages’
[1] "httr"
Installing package into ‘/home/docker/packages’
(as ‘lib’ is unspecified)
also installing the dependency ‘curl’

trying URL 'http://cran.csiro.au/src/contrib/curl_0.9.4.tar.gz'
Content type 'application/x-gzip' length 245598 bytes (239 KB)
==================================================
downloaded 239 KB

trying URL 'http://cran.csiro.au/src/contrib/httr_1.0.0.tar.gz'
Content type 'application/x-gzip' length 245989 bytes (240 KB)
==================================================
downloaded 240 KB

[1] "--> Library Paths"
[1] "/home/docker/packages"         "/usr/local/lib/R/site-library"
[3] "/usr/lib/R/site-library"       "/usr/lib/R/library"           
* installing *source* package ‘curl’ ...
** package ‘curl’ successfully unpacked and MD5 sums checked
Using PKG_CFLAGS=
Using PKG_LIBS=-lcurl
------------------------- ANTICONF ERROR ---------------------------
Configuration failed because libcurl was not found. Try installing:
 * deb: libcurl4-openssl-dev (Debian, Ubuntu, etc)
 * rpm: libcurl-devel (Fedora, CentOS, RHEL)
 * csw: libcurl_dev (Solaris)
If libcurl is already installed, check that 'pkg-config' is in your
PATH and PKG_CONFIG_PATH contains a libcurl.pc file. If pkg-config
is unavailable you can set INCLUDE_DIR and LIB_DIR manually via:
R CMD INSTALL --configure-vars='INCLUDE_DIR=... LIB_DIR=...'
--------------------------------------------------------------------
ERROR: configuration failed for package ‘curl’
* removing ‘/home/docker/packages/curl’
[1] "--> Library Paths"
[1] "/home/docker/packages"         "/usr/local/lib/R/site-library"
[3] "/usr/lib/R/site-library"       "/usr/lib/R/library"           
ERROR: dependency ‘curl’ is not available for package ‘httr’
* removing ‘/home/docker/packages/httr’

The downloaded source packages are in
	‘/tmp/RtmpmuX2Rb/downloaded_packages’
[1] "RCurl"
Installing package into ‘/home/docker/packages’
(as ‘lib’ is unspecified)
trying URL 'http://cran.csiro.au/src/contrib/RCurl_1.95-4.7.tar.gz'
Content type 'application/x-gzip' length 916897 bytes (895 KB)
==================================================
downloaded 895 KB

[1] "--> Library Paths"
[1] "/home/docker/packages"         "/usr/local/lib/R/site-library"
[3] "/usr/lib/R/site-library"       "/usr/lib/R/library"           
* installing *source* package ‘RCurl’ ...
** package ‘RCurl’ successfully unpacked and MD5 sums checked
checking for curl-config... no
Cannot find curl-config
ERROR: configuration failed for package ‘RCurl’
* removing ‘/home/docker/packages/RCurl’

The downloaded source packages are in
	‘/tmp/RtmpmuX2Rb/downloaded_packages’
[1] "XML"
Installing package into ‘/home/docker/packages’
(as ‘lib’ is unspecified)
trying URL 'http://cran.csiro.au/src/contrib/XML_3.98-1.3.tar.gz'
Content type 'application/x-gzip' length 1607725 bytes (1.5 MB)
==================================================
downloaded 1.5 MB

[1] "--> Library Paths"
[1] "/home/docker/packages"         "/usr/local/lib/R/site-library"
[3] "/usr/lib/R/site-library"       "/usr/lib/R/library"           
* installing *source* package ‘XML’ ...
** package ‘XML’ successfully unpacked and MD5 sums checked
checking for gcc... gcc
checking for C compiler default output file name... a.out
checking whether the C compiler works... yes
checking whether we are cross compiling... no
checking for suffix of executables... 
checking for suffix of object files... o
checking whether we are using the GNU C compiler... yes
checking whether gcc accepts -g... yes
checking for gcc option to accept ISO C89... none needed
checking how to run the C preprocessor... gcc -E
checking for sed... /bin/sed
checking for pkg-config... no
checking for xml2-config... no
Cannot find xml2-config
ERROR: configuration failed for package ‘XML’
* removing ‘/home/docker/packages/XML’

The downloaded source packages are in
	‘/tmp/RtmpmuX2Rb/downloaded_packages’
There were 12 warnings (use warnings() to see them)
